<?xml version="1.0" encoding="UTF-8"?>
<!-- Generated by org.testng.reporters.JUnitReportReporter -->
<testsuite hostname="ssn" failures="0" tests="1" name="demo.class1" time="0.006" errors="0" timestamp="2024-08-14T14:36:40 IST" skipped="0">
  <testcase classname="demo.class1" name="reverse" time="0.006"/>
  <system-out/>
</testsuite> <!-- demo.class1 -->
