<?xml version="1.0" encoding="UTF-8"?>
<!-- Generated by org.testng.reporters.JUnitReportReporter -->
<testsuite hostname="ssn" failures="0" tests="1" name="demo.dev2" time="0.007" errors="0" timestamp="2024-08-15T14:39:24 IST" skipped="0">
  <testcase classname="demo.dev2" name="class1" time="0.007"/>
  <system-out/>
</testsuite> <!-- demo.dev2 -->
